<?xml version="1.0" encoding="utf-8"?>
<rdf:RDF
  xmlns:dct="http://purl.org/dc/terms/"
  xmlns:foaf="http://xmlns.com/foaf/0.1/"
  xmlns:dcat="http://www.w3.org/ns/dcat#"
  xmlns:rdf="http://www.w3.org/1999/02/22-rdf-syntax-ns#"
>
  <dcat:Dataset rdf:about="https://localhost:8443/dataset/fcda6088-669e-46b8-861d-8030a98fe758">
    <dct:title>test dataset</dct:title>
    <dct:description>this is some test dataset description</dct:description>
    <dct:identifier>fcda6088-669e-46b8-861d-8030a98fe758</dct:identifier>
    <dcat:keyword>soil</dcat:keyword>
    <dcat:keyword>timeseries</dcat:keyword>
    <dct:issued rdf:datatype="http://www.w3.org/2001/XMLSchema#dateTime">2024-01-30T12:38:36.663692</dct:issued>
    <dct:modified rdf:datatype="http://www.w3.org/2001/XMLSchema#dateTime">2024-01-30T13:01:02.956021</dct:modified>
    <dct:publisher>
      <foaf:Organization rdf:about="https://localhost:8443/organization/956bb158-c24e-44ec-a790-927fde71922c">
        <foaf:name>Quanta</foaf:name>
      </foaf:Organization>
    </dct:publisher>
    <dcat:distribution>
      <dcat:Distribution rdf:about="https://localhost:8443/dataset/fcda6088-669e-46b8-861d-8030a98fe758/resource/cf169f6f-9807-462b-a374-409321a2282c">
        <dct:title>test_dataset.txt</dct:title>
        <dct:description>CSV-format file</dct:description>
        <dcat:mediaType>text/plain</dcat:mediaType>
        <dct:format>CSV</dct:format>
        <dcat:accessURL rdf:resource="https://localhost:8443/dataset/fcda6088-669e-46b8-861d-8030a98fe758/resource/cf169f6f-9807-462b-a374-409321a2282c/download/test_dataset.txt"/>
        <dct:issued rdf:datatype="http://www.w3.org/2001/XMLSchema#dateTime">2024-01-30T12:40:58.275795</dct:issued>
        <dct:modified rdf:datatype="http://www.w3.org/2001/XMLSchema#dateTime">2024-01-30T12:40:58.617435</dct:modified>
        <dcat:byteSize rdf:datatype="http://www.w3.org/2001/XMLSchema#decimal">42.0</dcat:byteSize>
      </dcat:Distribution>
    </dcat:distribution>
  </dcat:Dataset>
</rdf:RDF>
